<?xml version="1.0" encoding="UTF-8"?>
<coverage generated="1575138565749" clover="3.2.0">
  <project timestamp="1575138565749" name="All files">
    <metrics statements="98" coveredstatements="86" conditionals="50" coveredconditionals="34" methods="54" coveredmethods="47" elements="202" coveredelements="167" complexity="0" loc="98" ncloc="98" packages="2" files="3" classes="3"/>
    <package name="operators">
      <metrics statements="83" coveredstatements="74" conditionals="50" coveredconditionals="34" methods="47" coveredmethods="43"/>
      <file name="context.ts" path="/Users/harryhorton/playground/packages/packages/core/src/operators/context.ts">
        <metrics statements="39" coveredstatements="36" conditionals="24" coveredconditionals="18" methods="20" coveredmethods="18"/>
        <line num="2" count="7" type="stmt"/>
        <line num="10" count="22" type="stmt"/>
        <line num="14" count="7" type="stmt"/>
        <line num="18" count="31" type="stmt"/>
        <line num="19" count="31" type="stmt"/>
        <line num="23" count="31" type="stmt"/>
        <line num="24" count="31" type="cond" truecount="1" falsecount="1"/>
        <line num="25" count="31" type="stmt"/>
        <line num="28" count="31" type="cond" truecount="1" falsecount="1"/>
        <line num="29" count="0" type="stmt"/>
        <line num="36" count="31" type="stmt"/>
        <line num="39" count="18" type="stmt"/>
        <line num="40" count="18" type="stmt"/>
        <line num="42" count="7" type="stmt"/>
        <line num="44" count="1" type="stmt"/>
        <line num="46" count="7" type="stmt"/>
        <line num="48" count="0" type="stmt"/>
        <line num="50" count="8" type="stmt"/>
        <line num="53" count="8" type="stmt"/>
        <line num="54" count="8" type="cond" truecount="1" falsecount="1"/>
        <line num="55" count="8" type="stmt"/>
        <line num="56" count="8" type="stmt"/>
        <line num="59" count="8" type="stmt"/>
        <line num="62" count="7" type="stmt"/>
        <line num="63" count="2" type="stmt"/>
        <line num="65" count="8" type="stmt"/>
        <line num="68" count="8" type="cond" truecount="2" falsecount="0"/>
        <line num="70" count="5" type="stmt"/>
        <line num="73" count="7" type="stmt"/>
        <line num="76" count="4" type="stmt"/>
        <line num="77" count="4" type="stmt"/>
        <line num="79" count="4" type="cond" truecount="2" falsecount="0"/>
        <line num="80" count="2" type="cond" truecount="1" falsecount="1"/>
        <line num="81" count="2" type="cond" truecount="1" falsecount="1"/>
        <line num="85" count="0" type="stmt"/>
        <line num="90" count="2" type="cond" truecount="2" falsecount="0"/>
        <line num="91" count="1" type="stmt"/>
        <line num="95" count="3" type="cond" truecount="4" falsecount="0"/>
        <line num="96" count="3" type="stmt"/>
      </file>
      <file name="services.ts" path="/Users/harryhorton/playground/packages/packages/core/src/operators/services.ts">
        <metrics statements="44" coveredstatements="38" conditionals="26" coveredconditionals="16" methods="27" coveredmethods="25"/>
        <line num="2" count="6" type="stmt"/>
        <line num="3" count="6" type="stmt"/>
        <line num="30" count="17" type="stmt"/>
        <line num="31" count="17" type="stmt"/>
        <line num="33" count="6" type="stmt"/>
        <line num="34" count="1" type="stmt"/>
        <line num="35" count="1" type="stmt"/>
        <line num="40" count="6" type="stmt"/>
        <line num="41" count="0" type="stmt"/>
        <line num="42" count="0" type="stmt"/>
        <line num="45" count="6" type="stmt"/>
        <line num="46" count="1" type="stmt"/>
        <line num="47" count="1" type="stmt"/>
        <line num="50" count="6" type="stmt"/>
        <line num="51" count="1" type="stmt"/>
        <line num="52" count="1" type="stmt"/>
        <line num="55" count="6" type="stmt"/>
        <line num="56" count="1" type="stmt"/>
        <line num="57" count="1" type="stmt"/>
        <line num="59" count="6" type="stmt"/>
        <line num="60" count="1" type="stmt"/>
        <line num="63" count="1" type="stmt"/>
        <line num="64" count="1" type="cond" truecount="1" falsecount="1"/>
        <line num="65" count="0" type="stmt"/>
        <line num="70" count="6" type="stmt"/>
        <line num="71" count="1" type="stmt"/>
        <line num="72" count="1" type="cond" truecount="1" falsecount="1"/>
        <line num="73" count="0" type="stmt"/>
        <line num="75" count="1" type="cond" truecount="3" falsecount="1"/>
        <line num="76" count="1" type="cond" truecount="1" falsecount="1"/>
        <line num="79" count="6" type="stmt"/>
        <line num="80" count="1" type="stmt"/>
        <line num="81" count="1" type="cond" truecount="1" falsecount="1"/>
        <line num="82" count="0" type="stmt"/>
        <line num="84" count="1" type="cond" truecount="3" falsecount="1"/>
        <line num="85" count="1" type="cond" truecount="1" falsecount="1"/>
        <line num="88" count="6" type="stmt"/>
        <line num="89" count="1" type="stmt"/>
        <line num="90" count="1" type="cond" truecount="1" falsecount="1"/>
        <line num="91" count="0" type="stmt"/>
        <line num="93" count="1" type="cond" truecount="3" falsecount="1"/>
        <line num="94" count="1" type="cond" truecount="1" falsecount="1"/>
        <line num="97" count="6" type="stmt"/>
        <line num="100" count="1" type="stmt"/>
      </file>
    </package>
    <package name="plugins">
      <metrics statements="15" coveredstatements="12" conditionals="0" coveredconditionals="0" methods="7" coveredmethods="4"/>
      <file name="fastify.ts" path="/Users/harryhorton/playground/packages/packages/core/src/plugins/fastify.ts">
        <metrics statements="15" coveredstatements="12" conditionals="0" coveredconditionals="0" methods="7" coveredmethods="4"/>
        <line num="3" count="1" type="stmt"/>
        <line num="4" count="1" type="stmt"/>
        <line num="11" count="1" type="stmt"/>
        <line num="12" count="1" type="stmt"/>
        <line num="13" count="1" type="stmt"/>
        <line num="28" count="1" type="stmt"/>
        <line num="30" count="1" type="stmt"/>
        <line num="32" count="0" type="stmt"/>
        <line num="33" count="0" type="stmt"/>
        <line num="35" count="0" type="stmt"/>
        <line num="38" count="1" type="stmt"/>
        <line num="41" count="1" type="stmt"/>
        <line num="42" count="1" type="stmt"/>
        <line num="53" count="1" type="stmt"/>
        <line num="54" count="1" type="stmt"/>
      </file>
    </package>
  </project>
</coverage>
