<?xml version="1.0" encoding="UTF-8"?>
<coverage generated="1575233508304" clover="3.2.0">
  <project timestamp="1575233508304" name="All files">
    <metrics statements="292" coveredstatements="270" conditionals="182" coveredconditionals="128" methods="159" coveredmethods="147" elements="633" coveredelements="545" complexity="0" loc="292" ncloc="292" packages="3" files="16" classes="16"/>
    <package name="src">
      <metrics statements="45" coveredstatements="43" conditionals="32" coveredconditionals="30" methods="17" coveredmethods="17"/>
      <file name="create-server.ts" path="/Users/harryhorton/playground/packages/packages/core/src/create-server.ts">
        <metrics statements="8" coveredstatements="8" conditionals="1" coveredconditionals="1" methods="2" coveredmethods="2"/>
        <line num="1" count="7" type="stmt"/>
        <line num="3" count="7" type="stmt"/>
        <line num="4" count="7" type="stmt"/>
        <line num="5" count="7" type="stmt"/>
        <line num="6" count="7" type="stmt"/>
        <line num="7" count="7" type="stmt"/>
        <line num="9" count="27" type="cond" truecount="1" falsecount="0"/>
        <line num="10" count="27" type="stmt"/>
      </file>
      <file name="index.ts" path="/Users/harryhorton/playground/packages/packages/core/src/index.ts">
        <metrics statements="2" coveredstatements="2" conditionals="0" coveredconditionals="0" methods="0" coveredmethods="0"/>
        <line num="1" count="7" type="stmt"/>
        <line num="2" count="7" type="stmt"/>
      </file>
      <file name="utils.ts" path="/Users/harryhorton/playground/packages/packages/core/src/utils.ts">
        <metrics statements="35" coveredstatements="33" conditionals="31" coveredconditionals="29" methods="15" coveredmethods="15"/>
        <line num="1" count="10" type="stmt"/>
        <line num="3" count="10" type="stmt"/>
        <line num="4" count="286" type="stmt"/>
        <line num="7" count="250" type="stmt"/>
        <line num="8" count="250" type="stmt"/>
        <line num="9" count="774" type="cond" truecount="1" falsecount="1"/>
        <line num="10" count="774" type="stmt"/>
        <line num="11" count="773" type="cond" truecount="2" falsecount="0"/>
        <line num="13" count="0" type="stmt"/>
        <line num="16" count="249" type="stmt"/>
        <line num="20" count="10" type="stmt"/>
        <line num="21" count="3" type="stmt"/>
        <line num="22" count="3" type="stmt"/>
        <line num="26" count="10" type="cond" truecount="2" falsecount="0"/>
        <line num="27" count="10" type="stmt"/>
        <line num="30" count="10" type="stmt"/>
        <line num="31" count="3" type="stmt"/>
        <line num="36" count="10" type="stmt"/>
        <line num="37" count="296" type="stmt"/>
        <line num="38" count="806" type="cond" truecount="1" falsecount="1"/>
        <line num="43" count="0" type="stmt"/>
        <line num="44" count="806" type="cond" truecount="2" falsecount="0"/>
        <line num="49" count="1" type="stmt"/>
        <line num="50" count="805" type="cond" truecount="4" falsecount="0"/>
        <line num="53" count="10" type="stmt"/>
        <line num="54" count="6280" type="cond" truecount="3" falsecount="0"/>
        <line num="58" count="10" type="stmt"/>
        <line num="59" count="6280" type="cond" truecount="2" falsecount="0"/>
        <line num="61" count="10" type="stmt"/>
        <line num="62" count="674" type="stmt"/>
        <line num="63" count="6280" type="cond" truecount="2" falsecount="0"/>
        <line num="64" count="992" type="stmt"/>
        <line num="68" count="10" type="stmt"/>
        <line num="69" count="7" type="cond" truecount="2" falsecount="0"/>
        <line num="71" count="17" type="cond" truecount="2" falsecount="0"/>
      </file>
    </package>
    <package name="src.operators">
      <metrics statements="188" coveredstatements="172" conditionals="138" coveredconditionals="89" methods="104" coveredmethods="96"/>
      <file name="actions.ts" path="/Users/harryhorton/playground/packages/packages/core/src/operators/actions.ts">
        <metrics statements="11" coveredstatements="11" conditionals="6" coveredconditionals="4" methods="7" coveredmethods="7"/>
        <line num="2" count="7" type="stmt"/>
        <line num="15" count="27" type="stmt"/>
        <line num="18" count="7" type="stmt"/>
        <line num="19" count="5" type="stmt"/>
        <line num="21" count="7" type="stmt"/>
        <line num="22" count="11" type="cond" truecount="3" falsecount="1"/>
        <line num="24" count="7" type="stmt"/>
        <line num="26" count="3" type="stmt"/>
        <line num="27" count="3" type="stmt"/>
        <line num="28" count="3" type="cond" truecount="1" falsecount="1"/>
        <line num="29" count="3" type="stmt"/>
      </file>
      <file name="branch.ts" path="/Users/harryhorton/playground/packages/packages/core/src/operators/branch.ts">
        <metrics statements="6" coveredstatements="6" conditionals="2" coveredconditionals="2" methods="4" coveredmethods="4"/>
        <line num="3" count="3" type="stmt"/>
        <line num="6" count="3" type="stmt"/>
        <line num="9" count="3" type="stmt"/>
        <line num="14" count="3" type="cond" truecount="2" falsecount="0"/>
        <line num="15" count="2" type="stmt"/>
        <line num="17" count="1" type="stmt"/>
      </file>
      <file name="config.ts" path="/Users/harryhorton/playground/packages/packages/core/src/operators/config.ts">
        <metrics statements="1" coveredstatements="1" conditionals="0" coveredconditionals="0" methods="2" coveredmethods="2"/>
        <line num="11" count="27" type="stmt"/>
      </file>
      <file name="context.ts" path="/Users/harryhorton/playground/packages/packages/core/src/operators/context.ts">
        <metrics statements="39" coveredstatements="36" conditionals="26" coveredconditionals="20" methods="21" coveredmethods="19"/>
        <line num="2" count="8" type="stmt"/>
        <line num="10" count="32" type="stmt"/>
        <line num="14" count="8" type="stmt"/>
        <line num="17" count="114" type="stmt"/>
        <line num="18" count="111" type="stmt"/>
        <line num="22" count="111" type="stmt"/>
        <line num="23" count="111" type="cond" truecount="1" falsecount="1"/>
        <line num="24" count="111" type="stmt"/>
        <line num="27" count="111" type="cond" truecount="1" falsecount="1"/>
        <line num="28" count="0" type="stmt"/>
        <line num="36" count="284" type="stmt"/>
        <line num="39" count="280" type="cond" truecount="2" falsecount="0"/>
        <line num="40" count="280" type="stmt"/>
        <line num="43" count="8" type="stmt"/>
        <line num="45" count="1" type="stmt"/>
        <line num="47" count="8" type="stmt"/>
        <line num="49" count="0" type="stmt"/>
        <line num="51" count="50" type="stmt"/>
        <line num="54" count="49" type="stmt"/>
        <line num="55" count="49" type="cond" truecount="1" falsecount="1"/>
        <line num="56" count="49" type="stmt"/>
        <line num="57" count="49" type="stmt"/>
        <line num="60" count="49" type="stmt"/>
        <line num="63" count="8" type="stmt"/>
        <line num="64" count="2" type="stmt"/>
        <line num="66" count="8" type="stmt"/>
        <line num="69" count="8" type="cond" truecount="2" falsecount="0"/>
        <line num="71" count="5" type="stmt"/>
        <line num="74" count="8" type="stmt"/>
        <line num="77" count="4" type="stmt"/>
        <line num="78" count="4" type="stmt"/>
        <line num="80" count="4" type="cond" truecount="2" falsecount="0"/>
        <line num="81" count="2" type="cond" truecount="1" falsecount="1"/>
        <line num="82" count="2" type="cond" truecount="1" falsecount="1"/>
        <line num="86" count="0" type="stmt"/>
        <line num="91" count="2" type="cond" truecount="2" falsecount="0"/>
        <line num="92" count="1" type="stmt"/>
        <line num="96" count="3" type="cond" truecount="4" falsecount="0"/>
        <line num="97" count="3" type="stmt"/>
      </file>
      <file name="debug.ts" path="/Users/harryhorton/playground/packages/packages/core/src/operators/debug.ts">
        <metrics statements="4" coveredstatements="3" conditionals="2" coveredconditionals="1" methods="2" coveredmethods="2"/>
        <line num="3" count="2" type="stmt"/>
        <line num="4" count="2" type="cond" truecount="1" falsecount="1"/>
        <line num="5" count="2" type="stmt"/>
        <line num="7" count="0" type="stmt"/>
      </file>
      <file name="hooks.ts" path="/Users/harryhorton/playground/packages/packages/core/src/operators/hooks.ts">
        <metrics statements="33" coveredstatements="30" conditionals="23" coveredconditionals="15" methods="12" coveredmethods="10"/>
        <line num="6" count="1" type="stmt"/>
        <line num="7" count="1" type="stmt"/>
        <line num="28" count="1" type="stmt"/>
        <line num="29" count="0" type="stmt"/>
        <line num="31" count="3" type="stmt"/>
        <line num="34" count="3" type="stmt"/>
        <line num="35" count="3" type="stmt"/>
        <line num="38" count="1" type="stmt"/>
        <line num="42" count="1" type="cond" truecount="3" falsecount="1"/>
        <line num="43" count="1" type="stmt"/>
        <line num="47" count="1" type="stmt"/>
        <line num="51" count="3" type="stmt"/>
        <line num="52" count="3" type="stmt"/>
        <line num="53" count="3" type="cond" truecount="1" falsecount="1"/>
        <line num="54" count="3" type="stmt"/>
        <line num="55" count="3" type="cond" truecount="1" falsecount="1"/>
        <line num="56" count="0" type="stmt"/>
        <line num="57" count="3" type="stmt"/>
        <line num="62" count="3" type="stmt"/>
        <line num="67" count="1" type="stmt"/>
        <line num="71" count="1" type="cond" truecount="3" falsecount="1"/>
        <line num="72" count="1" type="cond" truecount="1" falsecount="1"/>
        <line num="73" count="1" type="cond" truecount="1" falsecount="1"/>
        <line num="76" count="0" type="stmt"/>
        <line num="79" count="1" type="stmt"/>
        <line num="82" count="1" type="stmt"/>
        <line num="83" count="1" type="stmt"/>
        <line num="84" count="1" type="cond" truecount="1" falsecount="1"/>
        <line num="85" count="1" type="stmt"/>
        <line num="86" count="1" type="stmt"/>
        <line num="87" count="1" type="stmt"/>
        <line num="88" count="2" type="stmt"/>
        <line num="92" count="1" type="stmt"/>
      </file>
      <file name="lifecycle.ts" path="/Users/harryhorton/playground/packages/packages/core/src/operators/lifecycle.ts">
        <metrics statements="25" coveredstatements="25" conditionals="38" coveredconditionals="25" methods="18" coveredmethods="18"/>
        <line num="2" count="3" type="stmt"/>
        <line num="3" count="3" type="stmt"/>
        <line num="7" count="3" type="stmt"/>
        <line num="8" count="3" type="cond" truecount="7" falsecount="3"/>
        <line num="9" count="3" type="stmt"/>
        <line num="10" count="3" type="stmt"/>
        <line num="11" count="3" type="cond" truecount="1" falsecount="1"/>
        <line num="12" count="3" type="cond" truecount="1" falsecount="1"/>
        <line num="15" count="3" type="stmt"/>
        <line num="18" count="3" type="stmt"/>
        <line num="19" count="3" type="cond" truecount="7" falsecount="3"/>
        <line num="20" count="3" type="stmt"/>
        <line num="21" count="3" type="cond" truecount="1" falsecount="1"/>
        <line num="22" count="3" type="stmt"/>
        <line num="27" count="3" type="stmt"/>
        <line num="28" count="3" type="cond" truecount="7" falsecount="3"/>
        <line num="29" count="3" type="stmt"/>
        <line num="30" count="3" type="cond" truecount="1" falsecount="1"/>
        <line num="31" count="3" type="stmt"/>
        <line num="36" count="3" type="stmt"/>
        <line num="37" count="3" type="stmt"/>
        <line num="43" count="3" type="stmt"/>
        <line num="44" count="3" type="stmt"/>
        <line num="50" count="3" type="stmt"/>
        <line num="51" count="3" type="stmt"/>
      </file>
      <file name="loggable.ts" path="/Users/harryhorton/playground/packages/packages/core/src/operators/loggable.ts">
        <metrics statements="9" coveredstatements="5" conditionals="13" coveredconditionals="4" methods="5" coveredmethods="2"/>
        <line num="3" count="3" type="stmt"/>
        <line num="33" count="3" type="stmt"/>
        <line num="37" count="0" type="cond" truecount="0" falsecount="1"/>
        <line num="38" count="0" type="stmt"/>
        <line num="41" count="0" type="cond" truecount="0" falsecount="2"/>
        <line num="45" count="0" type="stmt"/>
        <line num="48" count="20" type="stmt"/>
        <line num="49" count="20" type="cond" truecount="3" falsecount="1"/>
        <line num="50" count="20" type="cond" truecount="1" falsecount="1"/>
      </file>
      <file name="plugin.ts" path="/Users/harryhorton/playground/packages/packages/core/src/operators/plugin.ts">
        <metrics statements="21" coveredstatements="21" conditionals="2" coveredconditionals="2" methods="12" coveredmethods="12"/>
        <line num="1" count="7" type="stmt"/>
        <line num="3" count="7" type="stmt"/>
        <line num="23" count="28" type="stmt"/>
        <line num="25" count="7" type="stmt"/>
        <line num="26" count="17" type="stmt"/>
        <line num="28" count="17" type="stmt"/>
        <line num="33" count="7" type="stmt"/>
        <line num="34" count="13" type="stmt"/>
        <line num="39" count="7" type="stmt"/>
        <line num="40" count="3" type="stmt"/>
        <line num="45" count="7" type="stmt"/>
        <line num="46" count="3" type="stmt"/>
        <line num="51" count="7" type="stmt"/>
        <line num="52" count="3" type="stmt"/>
        <line num="57" count="7" type="stmt"/>
        <line num="58" count="17" type="stmt"/>
        <line num="60" count="17" type="stmt"/>
        <line num="61" count="17" type="cond" truecount="2" falsecount="0"/>
        <line num="62" count="13" type="stmt"/>
        <line num="67" count="17" type="stmt"/>
        <line num="68" count="17" type="stmt"/>
      </file>
      <file name="services.ts" path="/Users/harryhorton/playground/packages/packages/core/src/operators/services.ts">
        <metrics statements="39" coveredstatements="34" conditionals="26" coveredconditionals="16" methods="21" coveredmethods="20"/>
        <line num="2" count="7" type="stmt"/>
        <line num="3" count="7" type="stmt"/>
        <line num="30" count="27" type="stmt"/>
        <line num="32" count="7" type="stmt"/>
        <line num="33" count="12" type="stmt"/>
        <line num="35" count="11" type="stmt"/>
        <line num="40" count="7" type="stmt"/>
        <line num="41" count="0" type="stmt"/>
        <line num="46" count="7" type="stmt"/>
        <line num="47" count="11" type="stmt"/>
        <line num="52" count="7" type="stmt"/>
        <line num="53" count="12" type="stmt"/>
        <line num="58" count="7" type="stmt"/>
        <line num="59" count="11" type="stmt"/>
        <line num="64" count="7" type="stmt"/>
        <line num="65" count="12" type="stmt"/>
        <line num="67" count="11" type="stmt"/>
        <line num="68" count="11" type="cond" truecount="1" falsecount="1"/>
        <line num="69" count="0" type="stmt"/>
        <line num="74" count="7" type="stmt"/>
        <line num="75" count="1" type="stmt"/>
        <line num="76" count="1" type="cond" truecount="1" falsecount="1"/>
        <line num="77" count="0" type="stmt"/>
        <line num="79" count="1" type="cond" truecount="3" falsecount="1"/>
        <line num="80" count="1" type="cond" truecount="1" falsecount="1"/>
        <line num="83" count="7" type="stmt"/>
        <line num="84" count="1" type="stmt"/>
        <line num="85" count="1" type="cond" truecount="1" falsecount="1"/>
        <line num="86" count="0" type="stmt"/>
        <line num="88" count="1" type="cond" truecount="3" falsecount="1"/>
        <line num="89" count="1" type="cond" truecount="1" falsecount="1"/>
        <line num="92" count="7" type="stmt"/>
        <line num="93" count="1" type="stmt"/>
        <line num="94" count="1" type="cond" truecount="1" falsecount="1"/>
        <line num="95" count="0" type="stmt"/>
        <line num="97" count="1" type="cond" truecount="3" falsecount="1"/>
        <line num="98" count="1" type="cond" truecount="1" falsecount="1"/>
        <line num="101" count="12" type="stmt"/>
        <line num="102" count="12" type="stmt"/>
      </file>
    </package>
    <package name="src.plugins">
      <metrics statements="59" coveredstatements="55" conditionals="12" coveredconditionals="9" methods="38" coveredmethods="34"/>
      <file name="fastify.service.ts" path="/Users/harryhorton/playground/packages/packages/core/src/plugins/fastify.service.ts">
        <metrics statements="18" coveredstatements="18" conditionals="12" coveredconditionals="9" methods="13" coveredmethods="13"/>
        <line num="2" count="1" type="stmt"/>
        <line num="3" count="1" type="stmt"/>
        <line num="4" count="1" type="stmt"/>
        <line num="5" count="1" type="stmt"/>
        <line num="6" count="1" type="stmt"/>
        <line num="19" count="1" type="stmt"/>
        <line num="20" count="1" type="cond" truecount="9" falsecount="3"/>
        <line num="21" count="1" type="stmt"/>
        <line num="24" count="1" type="stmt"/>
        <line num="30" count="1" type="stmt"/>
        <line num="31" count="1" type="stmt"/>
        <line num="34" count="1" type="stmt"/>
        <line num="35" count="1" type="stmt"/>
        <line num="38" count="1" type="stmt"/>
        <line num="39" count="1" type="stmt"/>
        <line num="40" count="1" type="stmt"/>
        <line num="45" count="1" type="stmt"/>
        <line num="46" count="1" type="stmt"/>
      </file>
      <file name="fastify.ts" path="/Users/harryhorton/playground/packages/packages/core/src/plugins/fastify.ts">
        <metrics statements="15" coveredstatements="12" conditionals="0" coveredconditionals="0" methods="7" coveredmethods="4"/>
        <line num="3" count="1" type="stmt"/>
        <line num="4" count="1" type="stmt"/>
        <line num="11" count="1" type="stmt"/>
        <line num="12" count="1" type="stmt"/>
        <line num="13" count="1" type="stmt"/>
        <line num="28" count="1" type="stmt"/>
        <line num="30" count="1" type="stmt"/>
        <line num="32" count="0" type="stmt"/>
        <line num="33" count="0" type="stmt"/>
        <line num="35" count="0" type="stmt"/>
        <line num="38" count="1" type="stmt"/>
        <line num="41" count="1" type="stmt"/>
        <line num="42" count="1" type="stmt"/>
        <line num="53" count="1" type="stmt"/>
        <line num="54" count="1" type="stmt"/>
      </file>
      <file name="model.ts" path="/Users/harryhorton/playground/packages/packages/core/src/plugins/model.ts">
        <metrics statements="26" coveredstatements="25" conditionals="0" coveredconditionals="0" methods="18" coveredmethods="17"/>
        <line num="1" count="1" type="stmt"/>
        <line num="2" count="1" type="stmt"/>
        <line num="8" count="1" type="stmt"/>
        <line num="16" count="1" type="stmt"/>
        <line num="56" count="1" type="stmt"/>
        <line num="57" count="10" type="stmt"/>
        <line num="61" count="1" type="stmt"/>
        <line num="62" count="10" type="stmt"/>
        <line num="66" count="7" type="stmt"/>
        <line num="68" count="1" type="stmt"/>
        <line num="69" count="7" type="stmt"/>
        <line num="71" count="6" type="stmt"/>
        <line num="73" count="10" type="stmt"/>
        <line num="74" count="10" type="stmt"/>
        <line num="76" count="10" type="stmt"/>
        <line num="77" count="10" type="stmt"/>
        <line num="79" count="1" type="stmt"/>
        <line num="80" count="10" type="stmt"/>
        <line num="87" count="1" type="stmt"/>
        <line num="88" count="1" type="stmt"/>
        <line num="94" count="1" type="stmt"/>
        <line num="95" count="1" type="stmt"/>
        <line num="102" count="1" type="stmt"/>
        <line num="105" count="0" type="stmt"/>
        <line num="110" count="1" type="stmt"/>
        <line num="111" count="10" type="stmt"/>
      </file>
    </package>
  </project>
</coverage>
