{"/Users/harryhorton/playground/packages/packages/core/src/operators/context.ts": {"path":"/Users/harryhorton/playground/packages/packages/core/src/operators/context.ts","statementMap":{"0":{"start":{"line":2,"column":0},"end":{"line":2,"column":55}},"1":{"start":{"line":10,"column":13},"end":{"line":12,"column":null}},"2":{"start":{"line":10,"column":44},"end":{"line":12,"column":2}},"3":{"start":{"line":10,"column":76},"end":{"line":12,"column":2}},"4":{"start":{"line":14,"column":13},"end":{"line":37,"column":null}},"5":{"start":{"line":18,"column":5},"end":{"line":37,"column":1}},"6":{"start":{"line":19,"column":14},"end":{"line":21,"column":25}},"7":{"start":{"line":23,"column":17},"end":{"line":26,"column":3}},"8":{"start":{"line":24,"column":2},"end":{"line":24,"column":null}},"9":{"start":{"line":24,"column":41},"end":{"line":24,"column":null}},"10":{"start":{"line":25,"column":2},"end":{"line":25,"column":null}},"11":{"start":{"line":28,"column":1},"end":{"line":34,"column":null}},"12":{"start":{"line":29,"column":2},"end":{"line":33,"column":null}},"13":{"start":{"line":36,"column":1},"end":{"line":36,"column":null}},"14":{"start":{"line":39,"column":13},"end":{"line":40,"column":null}},"15":{"start":{"line":39,"column":46},"end":{"line":40,"column":34}},"16":{"start":{"line":40,"column":1},"end":{"line":40,"column":34}},"17":{"start":{"line":42,"column":13},"end":{"line":44,"column":null}},"18":{"start":{"line":42,"column":47},"end":{"line":44,"column":62}},"19":{"start":{"line":44,"column":5},"end":{"line":44,"column":62}},"20":{"start":{"line":46,"column":13},"end":{"line":48,"column":null}},"21":{"start":{"line":46,"column":47},"end":{"line":48,"column":50}},"22":{"start":{"line":48,"column":5},"end":{"line":48,"column":50}},"23":{"start":{"line":50,"column":13},"end":{"line":60,"column":null}},"24":{"start":{"line":50,"column":57},"end":{"line":60,"column":1}},"25":{"start":{"line":53,"column":20},"end":{"line":53,"column":41}},"26":{"start":{"line":54,"column":12},"end":{"line":54,"column":44}},"27":{"start":{"line":55,"column":1},"end":{"line":57,"column":null}},"28":{"start":{"line":56,"column":2},"end":{"line":56,"column":null}},"29":{"start":{"line":59,"column":1},"end":{"line":59,"column":null}},"30":{"start":{"line":62,"column":13},"end":{"line":63,"column":null}},"31":{"start":{"line":62,"column":34},"end":{"line":63,"column":18}},"32":{"start":{"line":63,"column":1},"end":{"line":63,"column":18}},"33":{"start":{"line":65,"column":13},"end":{"line":71,"column":null}},"34":{"start":{"line":65,"column":71},"end":{"line":71,"column":1}},"35":{"start":{"line":68,"column":1},"end":{"line":68,"column":null}},"36":{"start":{"line":68,"column":37},"end":{"line":68,"column":null}},"37":{"start":{"line":70,"column":1},"end":{"line":70,"column":null}},"38":{"start":{"line":73,"column":13},"end":{"line":99,"column":null}},"39":{"start":{"line":76,"column":5},"end":{"line":99,"column":1}},"40":{"start":{"line":77,"column":32},"end":{"line":77,"column":34}},"41":{"start":{"line":79,"column":1},"end":{"line":94,"column":null}},"42":{"start":{"line":80,"column":2},"end":{"line":80,"column":null}},"43":{"start":{"line":81,"column":2},"end":{"line":88,"column":null}},"44":{"start":{"line":85,"column":3},"end":{"line":87,"column":null}},"45":{"start":{"line":90,"column":2},"end":{"line":93,"column":null}},"46":{"start":{"line":91,"column":3},"end":{"line":93,"column":null}},"47":{"start":{"line":95,"column":17},"end":{"line":95,"column":65}},"48":{"start":{"line":96,"column":1},"end":{"line":98,"column":null}}},"fnMap":{"0":{"name":"(anonymous_0)","decl":{"start":{"line":10,"column":38},"end":{"line":10,"column":41}},"loc":{"start":{"line":10,"column":44},"end":{"line":12,"column":2}}},"1":{"name":"(anonymous_1)","decl":{"start":{"line":10,"column":44},"end":{"line":10,"column":45}},"loc":{"start":{"line":10,"column":76},"end":{"line":12,"column":2}}},"2":{"name":"(anonymous_2)","decl":{"start":{"line":14,"column":30},"end":{"line":14,"column":null}},"loc":{"start":{"line":18,"column":5},"end":{"line":37,"column":1}}},"3":{"name":"(anonymous_3)","decl":{"start":{"line":18,"column":5},"end":{"line":18,"column":6}},"loc":{"start":{"line":18,"column":22},"end":{"line":37,"column":1}}},"4":{"name":"(anonymous_4)","decl":{"start":{"line":23,"column":29},"end":{"line":23,"column":32}},"loc":{"start":{"line":23,"column":35},"end":{"line":26,"column":2}}},"5":{"name":"(anonymous_5)","decl":{"start":{"line":39,"column":26},"end":{"line":39,"column":27}},"loc":{"start":{"line":39,"column":46},"end":{"line":40,"column":34}}},"6":{"name":"(anonymous_6)","decl":{"start":{"line":39,"column":46},"end":{"line":39,"column":47}},"loc":{"start":{"line":40,"column":1},"end":{"line":40,"column":34}}},"7":{"name":"(anonymous_7)","decl":{"start":{"line":42,"column":27},"end":{"line":42,"column":28}},"loc":{"start":{"line":42,"column":47},"end":{"line":44,"column":62}}},"8":{"name":"(anonymous_8)","decl":{"start":{"line":42,"column":47},"end":{"line":42,"column":null}},"loc":{"start":{"line":44,"column":5},"end":{"line":44,"column":62}}},"9":{"name":"(anonymous_9)","decl":{"start":{"line":46,"column":27},"end":{"line":46,"column":28}},"loc":{"start":{"line":46,"column":47},"end":{"line":48,"column":50}}},"10":{"name":"(anonymous_10)","decl":{"start":{"line":46,"column":47},"end":{"line":46,"column":null}},"loc":{"start":{"line":48,"column":5},"end":{"line":48,"column":50}}},"11":{"name":"(anonymous_11)","decl":{"start":{"line":50,"column":29},"end":{"line":50,"column":30}},"loc":{"start":{"line":50,"column":57},"end":{"line":60,"column":1}}},"12":{"name":"(anonymous_12)","decl":{"start":{"line":50,"column":57},"end":{"line":50,"column":null}},"loc":{"start":{"line":52,"column":4},"end":{"line":60,"column":1}}},"13":{"name":"(anonymous_13)","decl":{"start":{"line":55,"column":14},"end":{"line":55,"column":20}},"loc":{"start":{"line":55,"column":23},"end":{"line":57,"column":2}}},"14":{"name":"(anonymous_14)","decl":{"start":{"line":62,"column":28},"end":{"line":62,"column":31}},"loc":{"start":{"line":62,"column":34},"end":{"line":63,"column":18}}},"15":{"name":"(anonymous_15)","decl":{"start":{"line":62,"column":34},"end":{"line":62,"column":35}},"loc":{"start":{"line":63,"column":1},"end":{"line":63,"column":18}}},"16":{"name":"(anonymous_16)","decl":{"start":{"line":65,"column":27},"end":{"line":65,"column":28}},"loc":{"start":{"line":65,"column":71},"end":{"line":71,"column":1}}},"17":{"name":"(anonymous_17)","decl":{"start":{"line":65,"column":71},"end":{"line":65,"column":null}},"loc":{"start":{"line":67,"column":4},"end":{"line":71,"column":1}}},"18":{"name":"(anonymous_18)","decl":{"start":{"line":73,"column":30},"end":{"line":73,"column":null}},"loc":{"start":{"line":76,"column":5},"end":{"line":99,"column":1}}},"19":{"name":"(anonymous_19)","decl":{"start":{"line":76,"column":5},"end":{"line":76,"column":6}},"loc":{"start":{"line":76,"column":32},"end":{"line":99,"column":1}}}},"branchMap":{"0":{"loc":{"start":{"line":20,"column":4},"end":{"line":20,"column":23}},"type":"cond-expr","locations":[{"start":{"line":20,"column":4},"end":{"line":20,"column":23}},{"start":{"line":21,"column":4},"end":{"line":21,"column":25}}]},"1":{"loc":{"start":{"line":24,"column":2},"end":{"line":24,"column":null}},"type":"if","locations":[{"start":{"line":24,"column":2},"end":{"line":24,"column":null}},{"start":{"line":24,"column":2},"end":{"line":24,"column":null}}]},"2":{"loc":{"start":{"line":28,"column":1},"end":{"line":34,"column":null}},"type":"if","locations":[{"start":{"line":28,"column":1},"end":{"line":34,"column":null}},{"start":{"line":28,"column":1},"end":{"line":34,"column":null}}]},"3":{"loc":{"start":{"line":54,"column":33},"end":{"line":54,"column":36}},"type":"cond-expr","locations":[{"start":{"line":54,"column":33},"end":{"line":54,"column":36}},{"start":{"line":54,"column":39},"end":{"line":54,"column":44}}]},"4":{"loc":{"start":{"line":68,"column":1},"end":{"line":68,"column":null}},"type":"if","locations":[{"start":{"line":68,"column":1},"end":{"line":68,"column":null}},{"start":{"line":68,"column":1},"end":{"line":68,"column":null}}]},"5":{"loc":{"start":{"line":79,"column":1},"end":{"line":94,"column":null}},"type":"if","locations":[{"start":{"line":79,"column":1},"end":{"line":94,"column":null}},{"start":{"line":79,"column":1},"end":{"line":94,"column":null}}]},"6":{"loc":{"start":{"line":80,"column":45},"end":{"line":80,"column":53}},"type":"cond-expr","locations":[{"start":{"line":80,"column":45},"end":{"line":80,"column":53}},{"start":{"line":80,"column":56},"end":{"line":80,"column":75}}]},"7":{"loc":{"start":{"line":81,"column":2},"end":{"line":88,"column":null}},"type":"if","locations":[{"start":{"line":81,"column":2},"end":{"line":88,"column":null}},{"start":{"line":81,"column":2},"end":{"line":88,"column":null}}]},"8":{"loc":{"start":{"line":82,"column":3},"end":{"line":82,"column":30}},"type":"binary-expr","locations":[{"start":{"line":82,"column":3},"end":{"line":82,"column":30}},{"start":{"line":83,"column":3},"end":{"line":83,"column":45}}]},"9":{"loc":{"start":{"line":90,"column":2},"end":{"line":93,"column":null}},"type":"if","locations":[{"start":{"line":90,"column":2},"end":{"line":93,"column":null}},{"start":{"line":90,"column":2},"end":{"line":93,"column":null}}]},"10":{"loc":{"start":{"line":95,"column":17},"end":{"line":95,"column":20}},"type":"cond-expr","locations":[{"start":{"line":95,"column":17},"end":{"line":95,"column":20}},{"start":{"line":95,"column":24},"end":{"line":95,"column":65}}]},"11":{"loc":{"start":{"line":95,"column":17},"end":{"line":95,"column":24}},"type":"binary-expr","locations":[{"start":{"line":95,"column":17},"end":{"line":95,"column":24}},{"start":{"line":95,"column":17},"end":{"line":95,"column":24}}]}},"s":{"0":7,"1":7,"2":22,"3":22,"4":7,"5":31,"6":31,"7":31,"8":31,"9":0,"10":31,"11":31,"12":0,"13":31,"14":7,"15":18,"16":18,"17":7,"18":1,"19":1,"20":7,"21":0,"22":0,"23":7,"24":8,"25":8,"26":8,"27":8,"28":8,"29":8,"30":7,"31":2,"32":2,"33":7,"34":8,"35":8,"36":3,"37":5,"38":7,"39":4,"40":4,"41":4,"42":2,"43":2,"44":0,"45":2,"46":1,"47":3,"48":3},"f":{"0":22,"1":22,"2":31,"3":31,"4":31,"5":18,"6":18,"7":1,"8":1,"9":0,"10":0,"11":8,"12":8,"13":8,"14":2,"15":2,"16":8,"17":8,"18":4,"19":4},"b":{"0":[0,31],"1":[0,31],"2":[0,31],"3":[0,8],"4":[3,5],"5":[2,2],"6":[0,2],"7":[0,2],"8":[2,2],"9":[1,1],"10":[2,1],"11":[3,3]}}
,"/Users/harryhorton/playground/packages/packages/core/src/operators/services.ts": {"path":"/Users/harryhorton/playground/packages/packages/core/src/operators/services.ts","statementMap":{"0":{"start":{"line":2,"column":0},"end":{"line":2,"column":32}},"1":{"start":{"line":3,"column":0},"end":{"line":3,"column":null}},"2":{"start":{"line":30,"column":13},"end":{"line":31,"column":null}},"3":{"start":{"line":30,"column":33},"end":{"line":31,"column":45}},"4":{"start":{"line":31,"column":1},"end":{"line":31,"column":45}},"5":{"start":{"line":33,"column":21},"end":{"line":37,"column":null}},"6":{"start":{"line":34,"column":1},"end":{"line":37,"column":null}},"7":{"start":{"line":35,"column":2},"end":{"line":37,"column":4}},"8":{"start":{"line":40,"column":13},"end":{"line":43,"column":null}},"9":{"start":{"line":41,"column":1},"end":{"line":42,"column":null}},"10":{"start":{"line":42,"column":2},"end":{"line":42,"column":58}},"11":{"start":{"line":45,"column":13},"end":{"line":48,"column":null}},"12":{"start":{"line":46,"column":1},"end":{"line":47,"column":null}},"13":{"start":{"line":47,"column":2},"end":{"line":47,"column":56}},"14":{"start":{"line":50,"column":13},"end":{"line":53,"column":null}},"15":{"start":{"line":51,"column":1},"end":{"line":52,"column":null}},"16":{"start":{"line":52,"column":2},"end":{"line":52,"column":54}},"17":{"start":{"line":55,"column":13},"end":{"line":58,"column":null}},"18":{"start":{"line":56,"column":1},"end":{"line":57,"column":null}},"19":{"start":{"line":57,"column":2},"end":{"line":57,"column":55}},"20":{"start":{"line":59,"column":13},"end":{"line":68,"column":null}},"21":{"start":{"line":60,"column":1},"end":{"line":67,"column":null}},"22":{"start":{"line":63,"column":36},"end":{"line":67,"column":null}},"23":{"start":{"line":64,"column":3},"end":{"line":66,"column":null}},"24":{"start":{"line":65,"column":4},"end":{"line":65,"column":null}},"25":{"start":{"line":70,"column":13},"end":{"line":77,"column":null}},"26":{"start":{"line":70,"column":44},"end":{"line":77,"column":null}},"27":{"start":{"line":70,"column":77},"end":{"line":77,"column":null}},"28":{"start":{"line":71,"column":17},"end":{"line":71,"column":44}},"29":{"start":{"line":72,"column":1},"end":{"line":74,"column":null}},"30":{"start":{"line":73,"column":2},"end":{"line":73,"column":null}},"31":{"start":{"line":75,"column":11},"end":{"line":75,"column":28}},"32":{"start":{"line":76,"column":1},"end":{"line":76,"column":null}},"33":{"start":{"line":76,"column":11},"end":{"line":76,"column":null}},"34":{"start":{"line":79,"column":13},"end":{"line":86,"column":null}},"35":{"start":{"line":79,"column":42},"end":{"line":86,"column":null}},"36":{"start":{"line":79,"column":75},"end":{"line":86,"column":null}},"37":{"start":{"line":80,"column":17},"end":{"line":80,"column":44}},"38":{"start":{"line":81,"column":1},"end":{"line":83,"column":null}},"39":{"start":{"line":82,"column":2},"end":{"line":82,"column":null}},"40":{"start":{"line":84,"column":11},"end":{"line":84,"column":26}},"41":{"start":{"line":85,"column":1},"end":{"line":85,"column":null}},"42":{"start":{"line":85,"column":11},"end":{"line":85,"column":null}},"43":{"start":{"line":88,"column":13},"end":{"line":95,"column":null}},"44":{"start":{"line":88,"column":43},"end":{"line":95,"column":null}},"45":{"start":{"line":88,"column":76},"end":{"line":95,"column":null}},"46":{"start":{"line":89,"column":17},"end":{"line":89,"column":44}},"47":{"start":{"line":90,"column":1},"end":{"line":92,"column":null}},"48":{"start":{"line":91,"column":2},"end":{"line":91,"column":null}},"49":{"start":{"line":93,"column":11},"end":{"line":93,"column":27}},"50":{"start":{"line":94,"column":1},"end":{"line":94,"column":null}},"51":{"start":{"line":94,"column":11},"end":{"line":94,"column":null}},"52":{"start":{"line":97,"column":13},"end":{"line":106,"column":null}},"53":{"start":{"line":97,"column":51},"end":{"line":106,"column":11}},"54":{"start":{"line":97,"column":77},"end":{"line":106,"column":11}},"55":{"start":{"line":100,"column":1},"end":{"line":106,"column":11}}},"fnMap":{"0":{"name":"(anonymous_7)","decl":{"start":{"line":30,"column":27},"end":{"line":30,"column":30}},"loc":{"start":{"line":30,"column":33},"end":{"line":31,"column":45}}},"1":{"name":"(anonymous_8)","decl":{"start":{"line":30,"column":33},"end":{"line":30,"column":34}},"loc":{"start":{"line":31,"column":1},"end":{"line":31,"column":45}}},"2":{"name":"(anonymous_9)","decl":{"start":{"line":33,"column":21},"end":{"line":33,"column":24}},"loc":{"start":{"line":34,"column":1},"end":{"line":37,"column":null}}},"3":{"name":"(anonymous_10)","decl":{"start":{"line":34,"column":43},"end":{"line":34,"column":44}},"loc":{"start":{"line":35,"column":2},"end":{"line":37,"column":4}}},"4":{"name":"(anonymous_11)","decl":{"start":{"line":40,"column":32},"end":{"line":40,"column":33}},"loc":{"start":{"line":41,"column":1},"end":{"line":42,"column":null}}},"5":{"name":"(anonymous_12)","decl":{"start":{"line":41,"column":47},"end":{"line":41,"column":48}},"loc":{"start":{"line":42,"column":2},"end":{"line":42,"column":58}}},"6":{"name":"(anonymous_13)","decl":{"start":{"line":45,"column":30},"end":{"line":45,"column":31}},"loc":{"start":{"line":46,"column":1},"end":{"line":47,"column":null}}},"7":{"name":"(anonymous_14)","decl":{"start":{"line":46,"column":45},"end":{"line":46,"column":46}},"loc":{"start":{"line":47,"column":2},"end":{"line":47,"column":56}}},"8":{"name":"(anonymous_15)","decl":{"start":{"line":50,"column":28},"end":{"line":50,"column":29}},"loc":{"start":{"line":51,"column":1},"end":{"line":52,"column":null}}},"9":{"name":"(anonymous_16)","decl":{"start":{"line":51,"column":43},"end":{"line":51,"column":44}},"loc":{"start":{"line":52,"column":2},"end":{"line":52,"column":54}}},"10":{"name":"(anonymous_17)","decl":{"start":{"line":55,"column":29},"end":{"line":55,"column":30}},"loc":{"start":{"line":56,"column":1},"end":{"line":57,"column":null}}},"11":{"name":"(anonymous_18)","decl":{"start":{"line":56,"column":44},"end":{"line":56,"column":45}},"loc":{"start":{"line":57,"column":2},"end":{"line":57,"column":55}}},"12":{"name":"(anonymous_19)","decl":{"start":{"line":59,"column":33},"end":{"line":59,"column":36}},"loc":{"start":{"line":60,"column":1},"end":{"line":67,"column":null}}},"13":{"name":"(anonymous_20)","decl":{"start":{"line":63,"column":2},"end":{"line":63,"column":9}},"loc":{"start":{"line":63,"column":36},"end":{"line":67,"column":null}}},"14":{"name":"(anonymous_21)","decl":{"start":{"line":63,"column":36},"end":{"line":63,"column":null}},"loc":{"start":{"line":63,"column":36},"end":{"line":67,"column":3}}},"15":{"name":"(anonymous_22)","decl":{"start":{"line":70,"column":28},"end":{"line":70,"column":29}},"loc":{"start":{"line":70,"column":44},"end":{"line":77,"column":null}}},"16":{"name":"(anonymous_23)","decl":{"start":{"line":70,"column":44},"end":{"line":70,"column":51}},"loc":{"start":{"line":70,"column":77},"end":{"line":77,"column":null}}},"17":{"name":"(anonymous_24)","decl":{"start":{"line":70,"column":77},"end":{"line":70,"column":null}},"loc":{"start":{"line":70,"column":77},"end":{"line":77,"column":1}}},"18":{"name":"(anonymous_25)","decl":{"start":{"line":79,"column":26},"end":{"line":79,"column":27}},"loc":{"start":{"line":79,"column":42},"end":{"line":86,"column":null}}},"19":{"name":"(anonymous_26)","decl":{"start":{"line":79,"column":42},"end":{"line":79,"column":49}},"loc":{"start":{"line":79,"column":75},"end":{"line":86,"column":null}}},"20":{"name":"(anonymous_27)","decl":{"start":{"line":79,"column":75},"end":{"line":79,"column":null}},"loc":{"start":{"line":79,"column":75},"end":{"line":86,"column":1}}},"21":{"name":"(anonymous_28)","decl":{"start":{"line":88,"column":27},"end":{"line":88,"column":28}},"loc":{"start":{"line":88,"column":43},"end":{"line":95,"column":null}}},"22":{"name":"(anonymous_29)","decl":{"start":{"line":88,"column":43},"end":{"line":88,"column":50}},"loc":{"start":{"line":88,"column":76},"end":{"line":95,"column":null}}},"23":{"name":"(anonymous_30)","decl":{"start":{"line":88,"column":76},"end":{"line":88,"column":null}},"loc":{"start":{"line":88,"column":76},"end":{"line":95,"column":1}}},"24":{"name":"(anonymous_31)","decl":{"start":{"line":97,"column":29},"end":{"line":97,"column":30}},"loc":{"start":{"line":97,"column":51},"end":{"line":106,"column":11}}},"25":{"name":"(anonymous_32)","decl":{"start":{"line":97,"column":51},"end":{"line":97,"column":52}},"loc":{"start":{"line":97,"column":77},"end":{"line":106,"column":11}}},"26":{"name":"(anonymous_33)","decl":{"start":{"line":97,"column":77},"end":{"line":97,"column":null}},"loc":{"start":{"line":100,"column":1},"end":{"line":106,"column":11}}}},"branchMap":{"0":{"loc":{"start":{"line":64,"column":3},"end":{"line":66,"column":null}},"type":"if","locations":[{"start":{"line":64,"column":3},"end":{"line":66,"column":null}},{"start":{"line":64,"column":3},"end":{"line":66,"column":null}}]},"1":{"loc":{"start":{"line":72,"column":1},"end":{"line":74,"column":null}},"type":"if","locations":[{"start":{"line":72,"column":1},"end":{"line":74,"column":null}},{"start":{"line":72,"column":1},"end":{"line":74,"column":null}}]},"2":{"loc":{"start":{"line":75,"column":21},"end":{"line":75,"column":23}},"type":"cond-expr","locations":[{"start":{"line":75,"column":21},"end":{"line":75,"column":23}},{"start":{"line":75,"column":21},"end":{"line":75,"column":28}}]},"3":{"loc":{"start":{"line":75,"column":11},"end":{"line":75,"column":23}},"type":"binary-expr","locations":[{"start":{"line":75,"column":11},"end":{"line":75,"column":23}},{"start":{"line":75,"column":21},"end":{"line":75,"column":23}}]},"4":{"loc":{"start":{"line":76,"column":1},"end":{"line":76,"column":null}},"type":"if","locations":[{"start":{"line":76,"column":1},"end":{"line":76,"column":null}},{"start":{"line":76,"column":1},"end":{"line":76,"column":null}}]},"5":{"loc":{"start":{"line":81,"column":1},"end":{"line":83,"column":null}},"type":"if","locations":[{"start":{"line":81,"column":1},"end":{"line":83,"column":null}},{"start":{"line":81,"column":1},"end":{"line":83,"column":null}}]},"6":{"loc":{"start":{"line":84,"column":21},"end":{"line":84,"column":23}},"type":"cond-expr","locations":[{"start":{"line":84,"column":21},"end":{"line":84,"column":23}},{"start":{"line":84,"column":21},"end":{"line":84,"column":26}}]},"7":{"loc":{"start":{"line":84,"column":11},"end":{"line":84,"column":23}},"type":"binary-expr","locations":[{"start":{"line":84,"column":11},"end":{"line":84,"column":23}},{"start":{"line":84,"column":21},"end":{"line":84,"column":23}}]},"8":{"loc":{"start":{"line":85,"column":1},"end":{"line":85,"column":null}},"type":"if","locations":[{"start":{"line":85,"column":1},"end":{"line":85,"column":null}},{"start":{"line":85,"column":1},"end":{"line":85,"column":null}}]},"9":{"loc":{"start":{"line":90,"column":1},"end":{"line":92,"column":null}},"type":"if","locations":[{"start":{"line":90,"column":1},"end":{"line":92,"column":null}},{"start":{"line":90,"column":1},"end":{"line":92,"column":null}}]},"10":{"loc":{"start":{"line":93,"column":21},"end":{"line":93,"column":23}},"type":"cond-expr","locations":[{"start":{"line":93,"column":21},"end":{"line":93,"column":23}},{"start":{"line":93,"column":21},"end":{"line":93,"column":27}}]},"11":{"loc":{"start":{"line":93,"column":11},"end":{"line":93,"column":23}},"type":"binary-expr","locations":[{"start":{"line":93,"column":11},"end":{"line":93,"column":23}},{"start":{"line":93,"column":21},"end":{"line":93,"column":23}}]},"12":{"loc":{"start":{"line":94,"column":1},"end":{"line":94,"column":null}},"type":"if","locations":[{"start":{"line":94,"column":1},"end":{"line":94,"column":null}},{"start":{"line":94,"column":1},"end":{"line":94,"column":null}}]}},"s":{"0":6,"1":6,"2":6,"3":17,"4":17,"5":6,"6":1,"7":1,"8":6,"9":0,"10":0,"11":6,"12":1,"13":1,"14":6,"15":1,"16":1,"17":6,"18":1,"19":1,"20":6,"21":1,"22":1,"23":1,"24":0,"25":6,"26":1,"27":1,"28":1,"29":1,"30":0,"31":1,"32":1,"33":1,"34":6,"35":1,"36":1,"37":1,"38":1,"39":0,"40":1,"41":1,"42":1,"43":6,"44":1,"45":1,"46":1,"47":1,"48":0,"49":1,"50":1,"51":1,"52":6,"53":1,"54":1,"55":1},"f":{"0":17,"1":17,"2":1,"3":1,"4":0,"5":0,"6":1,"7":1,"8":1,"9":1,"10":1,"11":1,"12":1,"13":1,"14":1,"15":1,"16":1,"17":1,"18":1,"19":1,"20":1,"21":1,"22":1,"23":1,"24":1,"25":1,"26":1},"b":{"0":[0,1],"1":[0,1],"2":[0,1],"3":[1,1],"4":[1,0],"5":[0,1],"6":[0,1],"7":[1,1],"8":[1,0],"9":[0,1],"10":[0,1],"11":[1,1],"12":[1,0]}}
,"/Users/harryhorton/playground/packages/packages/core/src/plugins/fastify.ts": {"path":"/Users/harryhorton/playground/packages/packages/core/src/plugins/fastify.ts","statementMap":{"0":{"start":{"line":3,"column":0},"end":{"line":3,"column":75}},"1":{"start":{"line":4,"column":0},"end":{"line":4,"column":null}},"2":{"start":{"line":11,"column":0},"end":{"line":11,"column":77}},"3":{"start":{"line":12,"column":0},"end":{"line":12,"column":38}},"4":{"start":{"line":13,"column":0},"end":{"line":13,"column":53}},"5":{"start":{"line":28,"column":28},"end":{"line":28,"column":64}},"6":{"start":{"line":28,"column":51},"end":{"line":28,"column":64}},"7":{"start":{"line":30,"column":13},"end":{"line":36,"column":null}},"8":{"start":{"line":30,"column":50},"end":{"line":36,"column":null}},"9":{"start":{"line":32,"column":4},"end":{"line":36,"column":null}},"10":{"start":{"line":33,"column":15},"end":{"line":33,"column":51}},"11":{"start":{"line":35,"column":1},"end":{"line":35,"column":null}},"12":{"start":{"line":38,"column":13},"end":{"line":51,"column":null}},"13":{"start":{"line":38,"column":57},"end":{"line":51,"column":1}},"14":{"start":{"line":41,"column":26},"end":{"line":41,"column":60}},"15":{"start":{"line":42,"column":1},"end":{"line":50,"column":null}},"16":{"start":{"line":53,"column":13},"end":{"line":62,"column":null}},"17":{"start":{"line":54,"column":1},"end":{"line":61,"column":null}}},"fnMap":{"0":{"name":"(anonymous_7)","decl":{"start":{"line":28,"column":28},"end":{"line":28,"column":29}},"loc":{"start":{"line":28,"column":51},"end":{"line":28,"column":64}}},"1":{"name":"(anonymous_8)","decl":{"start":{"line":30,"column":31},"end":{"line":30,"column":32}},"loc":{"start":{"line":30,"column":50},"end":{"line":36,"column":null}}},"2":{"name":"(anonymous_9)","decl":{"start":{"line":30,"column":50},"end":{"line":30,"column":null}},"loc":{"start":{"line":32,"column":4},"end":{"line":36,"column":null}}},"3":{"name":"(anonymous_10)","decl":{"start":{"line":32,"column":4},"end":{"line":32,"column":null}},"loc":{"start":{"line":32,"column":4},"end":{"line":36,"column":1}}},"4":{"name":"(anonymous_11)","decl":{"start":{"line":38,"column":24},"end":{"line":38,"column":25}},"loc":{"start":{"line":38,"column":57},"end":{"line":51,"column":1}}},"5":{"name":"(anonymous_12)","decl":{"start":{"line":38,"column":57},"end":{"line":38,"column":null}},"loc":{"start":{"line":40,"column":4},"end":{"line":51,"column":1}}},"6":{"name":"(anonymous_13)","decl":{"start":{"line":53,"column":26},"end":{"line":53,"column":29}},"loc":{"start":{"line":54,"column":1},"end":{"line":61,"column":null}}}},"branchMap":{},"s":{"0":1,"1":1,"2":1,"3":1,"4":1,"5":1,"6":1,"7":1,"8":0,"9":0,"10":0,"11":0,"12":1,"13":1,"14":1,"15":1,"16":1,"17":1},"f":{"0":1,"1":0,"2":0,"3":0,"4":1,"5":1,"6":1},"b":{}}
}
