TN:
SF:/Users/harryhorton/playground/packages/packages/core/src/operators/context.ts
FN:10,(anonymous_0)
FN:10,(anonymous_1)
FN:14,(anonymous_2)
FN:18,(anonymous_3)
FN:23,(anonymous_4)
FN:39,(anonymous_5)
FN:39,(anonymous_6)
FN:42,(anonymous_7)
FN:42,(anonymous_8)
FN:46,(anonymous_9)
FN:46,(anonymous_10)
FN:50,(anonymous_11)
FN:50,(anonymous_12)
FN:55,(anonymous_13)
FN:62,(anonymous_14)
FN:62,(anonymous_15)
FN:65,(anonymous_16)
FN:65,(anonymous_17)
FN:73,(anonymous_18)
FN:76,(anonymous_19)
FNF:20
FNH:18
FNDA:22,(anonymous_0)
FNDA:22,(anonymous_1)
FNDA:31,(anonymous_2)
FNDA:31,(anonymous_3)
FNDA:31,(anonymous_4)
FNDA:18,(anonymous_5)
FNDA:18,(anonymous_6)
FNDA:1,(anonymous_7)
FNDA:1,(anonymous_8)
FNDA:0,(anonymous_9)
FNDA:0,(anonymous_10)
FNDA:8,(anonymous_11)
FNDA:8,(anonymous_12)
FNDA:8,(anonymous_13)
FNDA:2,(anonymous_14)
FNDA:2,(anonymous_15)
FNDA:8,(anonymous_16)
FNDA:8,(anonymous_17)
FNDA:4,(anonymous_18)
FNDA:4,(anonymous_19)
DA:2,7
DA:10,22
DA:14,7
DA:18,31
DA:19,31
DA:23,31
DA:24,31
DA:25,31
DA:28,31
DA:29,0
DA:36,31
DA:39,18
DA:40,18
DA:42,7
DA:44,1
DA:46,7
DA:48,0
DA:50,8
DA:53,8
DA:54,8
DA:55,8
DA:56,8
DA:59,8
DA:62,7
DA:63,2
DA:65,8
DA:68,8
DA:70,5
DA:73,7
DA:76,4
DA:77,4
DA:79,4
DA:80,2
DA:81,2
DA:85,0
DA:90,2
DA:91,1
DA:95,3
DA:96,3
LF:39
LH:36
BRDA:20,0,0,0
BRDA:20,0,1,31
BRDA:24,1,0,0
BRDA:24,1,1,31
BRDA:28,2,0,0
BRDA:28,2,1,31
BRDA:54,3,0,0
BRDA:54,3,1,8
BRDA:68,4,0,3
BRDA:68,4,1,5
BRDA:79,5,0,2
BRDA:79,5,1,2
BRDA:80,6,0,0
BRDA:80,6,1,2
BRDA:81,7,0,0
BRDA:81,7,1,2
BRDA:82,8,0,2
BRDA:82,8,1,2
BRDA:90,9,0,1
BRDA:90,9,1,1
BRDA:95,10,0,2
BRDA:95,10,1,1
BRDA:95,11,0,3
BRDA:95,11,1,3
BRF:24
BRH:18
end_of_record
TN:
SF:/Users/harryhorton/playground/packages/packages/core/src/operators/services.ts
FN:30,(anonymous_7)
FN:30,(anonymous_8)
FN:33,(anonymous_9)
FN:34,(anonymous_10)
FN:40,(anonymous_11)
FN:41,(anonymous_12)
FN:45,(anonymous_13)
FN:46,(anonymous_14)
FN:50,(anonymous_15)
FN:51,(anonymous_16)
FN:55,(anonymous_17)
FN:56,(anonymous_18)
FN:59,(anonymous_19)
FN:63,(anonymous_20)
FN:63,(anonymous_21)
FN:70,(anonymous_22)
FN:70,(anonymous_23)
FN:70,(anonymous_24)
FN:79,(anonymous_25)
FN:79,(anonymous_26)
FN:79,(anonymous_27)
FN:88,(anonymous_28)
FN:88,(anonymous_29)
FN:88,(anonymous_30)
FN:97,(anonymous_31)
FN:97,(anonymous_32)
FN:97,(anonymous_33)
FNF:27
FNH:25
FNDA:17,(anonymous_7)
FNDA:17,(anonymous_8)
FNDA:1,(anonymous_9)
FNDA:1,(anonymous_10)
FNDA:0,(anonymous_11)
FNDA:0,(anonymous_12)
FNDA:1,(anonymous_13)
FNDA:1,(anonymous_14)
FNDA:1,(anonymous_15)
FNDA:1,(anonymous_16)
FNDA:1,(anonymous_17)
FNDA:1,(anonymous_18)
FNDA:1,(anonymous_19)
FNDA:1,(anonymous_20)
FNDA:1,(anonymous_21)
FNDA:1,(anonymous_22)
FNDA:1,(anonymous_23)
FNDA:1,(anonymous_24)
FNDA:1,(anonymous_25)
FNDA:1,(anonymous_26)
FNDA:1,(anonymous_27)
FNDA:1,(anonymous_28)
FNDA:1,(anonymous_29)
FNDA:1,(anonymous_30)
FNDA:1,(anonymous_31)
FNDA:1,(anonymous_32)
FNDA:1,(anonymous_33)
DA:2,6
DA:3,6
DA:30,17
DA:31,17
DA:33,6
DA:34,1
DA:35,1
DA:40,6
DA:41,0
DA:42,0
DA:45,6
DA:46,1
DA:47,1
DA:50,6
DA:51,1
DA:52,1
DA:55,6
DA:56,1
DA:57,1
DA:59,6
DA:60,1
DA:63,1
DA:64,1
DA:65,0
DA:70,6
DA:71,1
DA:72,1
DA:73,0
DA:75,1
DA:76,1
DA:79,6
DA:80,1
DA:81,1
DA:82,0
DA:84,1
DA:85,1
DA:88,6
DA:89,1
DA:90,1
DA:91,0
DA:93,1
DA:94,1
DA:97,6
DA:100,1
LF:44
LH:38
BRDA:64,0,0,0
BRDA:64,0,1,1
BRDA:72,1,0,0
BRDA:72,1,1,1
BRDA:75,2,0,0
BRDA:75,2,1,1
BRDA:75,3,0,1
BRDA:75,3,1,1
BRDA:76,4,0,1
BRDA:76,4,1,0
BRDA:81,5,0,0
BRDA:81,5,1,1
BRDA:84,6,0,0
BRDA:84,6,1,1
BRDA:84,7,0,1
BRDA:84,7,1,1
BRDA:85,8,0,1
BRDA:85,8,1,0
BRDA:90,9,0,0
BRDA:90,9,1,1
BRDA:93,10,0,0
BRDA:93,10,1,1
BRDA:93,11,0,1
BRDA:93,11,1,1
BRDA:94,12,0,1
BRDA:94,12,1,0
BRF:26
BRH:16
end_of_record
TN:
SF:/Users/harryhorton/playground/packages/packages/core/src/plugins/fastify.ts
FN:28,(anonymous_7)
FN:30,(anonymous_8)
FN:30,(anonymous_9)
FN:32,(anonymous_10)
FN:38,(anonymous_11)
FN:38,(anonymous_12)
FN:53,(anonymous_13)
FNF:7
FNH:4
FNDA:1,(anonymous_7)
FNDA:0,(anonymous_8)
FNDA:0,(anonymous_9)
FNDA:0,(anonymous_10)
FNDA:1,(anonymous_11)
FNDA:1,(anonymous_12)
FNDA:1,(anonymous_13)
DA:3,1
DA:4,1
DA:11,1
DA:12,1
DA:13,1
DA:28,1
DA:30,1
DA:32,0
DA:33,0
DA:35,0
DA:38,1
DA:41,1
DA:42,1
DA:53,1
DA:54,1
LF:15
LH:12
BRF:0
BRH:0
end_of_record
