TN:
SF:/Users/harryhorton/playground/packages/packages/core/src/create-server.ts
FN:9,(anonymous_0)
FNF:1
FNH:1
FNDA:17,(anonymous_0)
DA:1,6
DA:3,6
DA:4,6
DA:5,6
DA:6,6
DA:7,6
DA:9,6
DA:11,17
DA:20,17
LF:9
LH:9
BRDA:9,0,0,14
BRF:1
BRH:1
end_of_record
TN:
SF:/Users/harryhorton/playground/packages/packages/core/src/index.ts
FNF:0
FNH:0
DA:1,6
DA:2,6
LF:2
LH:2
BRF:0
BRH:0
end_of_record
TN:
SF:/Users/harryhorton/playground/packages/packages/core/src/operators/context.ts
FN:10,(anonymous_0)
FN:10,(anonymous_1)
FN:14,(anonymous_2)
FN:18,(anonymous_3)
FN:23,(anonymous_4)
FN:39,(anonymous_5)
FN:39,(anonymous_6)
FN:42,(anonymous_7)
FN:42,(anonymous_8)
FN:47,(anonymous_9)
FN:54,(anonymous_10)
FN:54,(anonymous_11)
FN:57,(anonymous_12)
FN:57,(anonymous_13)
FN:65,(anonymous_14)
FN:68,(anonymous_15)
FNF:16
FNH:16
FNDA:22,(anonymous_0)
FNDA:22,(anonymous_1)
FNDA:31,(anonymous_2)
FNDA:31,(anonymous_3)
FNDA:31,(anonymous_4)
FNDA:19,(anonymous_5)
FNDA:19,(anonymous_6)
FNDA:8,(anonymous_7)
FNDA:8,(anonymous_8)
FNDA:8,(anonymous_9)
FNDA:2,(anonymous_10)
FNDA:2,(anonymous_11)
FNDA:8,(anonymous_12)
FNDA:8,(anonymous_13)
FNDA:4,(anonymous_14)
FNDA:4,(anonymous_15)
DA:2,7
DA:10,22
DA:14,7
DA:18,31
DA:19,31
DA:23,31
DA:24,31
DA:25,31
DA:28,31
DA:29,0
DA:36,31
DA:39,19
DA:40,19
DA:42,8
DA:45,8
DA:46,8
DA:47,8
DA:48,8
DA:51,8
DA:54,7
DA:55,2
DA:57,8
DA:60,8
DA:62,5
DA:65,7
DA:68,4
DA:69,4
DA:71,4
DA:72,2
DA:73,2
DA:77,0
DA:82,2
DA:83,1
DA:87,3
DA:88,3
LF:35
LH:33
BRDA:20,0,0,0
BRDA:20,0,1,31
BRDA:24,1,0,0
BRDA:24,1,1,31
BRDA:28,2,0,0
BRDA:28,2,1,31
BRDA:46,3,0,0
BRDA:46,3,1,8
BRDA:60,4,0,3
BRDA:60,4,1,5
BRDA:71,5,0,2
BRDA:71,5,1,2
BRDA:72,6,0,0
BRDA:72,6,1,2
BRDA:73,7,0,0
BRDA:73,7,1,2
BRDA:74,8,0,2
BRDA:74,8,1,2
BRDA:82,9,0,1
BRDA:82,9,1,1
BRDA:87,10,0,2
BRDA:87,10,1,1
BRDA:87,11,0,3
BRDA:87,11,1,3
BRF:24
BRH:18
end_of_record
TN:
SF:/Users/harryhorton/playground/packages/packages/core/src/operators/debug.ts
FN:3,(anonymous_0)
FN:3,(anonymous_1)
FNF:2
FNH:2
FNDA:2,(anonymous_0)
FNDA:2,(anonymous_1)
DA:3,2
DA:4,2
DA:5,2
DA:7,0
LF:4
LH:3
BRDA:4,0,0,2
BRDA:4,0,1,0
BRF:2
BRH:1
end_of_record
TN:
SF:/Users/harryhorton/playground/packages/packages/core/src/operators/lifecycle.ts
FN:7,(anonymous_7)
FN:7,(anonymous_8)
FN:7,(anonymous_9)
FN:18,(anonymous_10)
FN:18,(anonymous_11)
FN:18,(anonymous_12)
FN:27,(anonymous_13)
FN:27,(anonymous_14)
FN:27,(anonymous_15)
FN:36,(anonymous_16)
FN:36,(anonymous_17)
FN:36,(anonymous_18)
FN:43,(anonymous_19)
FN:43,(anonymous_20)
FN:43,(anonymous_21)
FN:50,(anonymous_22)
FN:50,(anonymous_23)
FN:50,(anonymous_24)
FNF:18
FNH:18
FNDA:3,(anonymous_7)
FNDA:3,(anonymous_8)
FNDA:3,(anonymous_9)
FNDA:3,(anonymous_10)
FNDA:3,(anonymous_11)
FNDA:3,(anonymous_12)
FNDA:3,(anonymous_13)
FNDA:3,(anonymous_14)
FNDA:3,(anonymous_15)
FNDA:3,(anonymous_16)
FNDA:3,(anonymous_17)
FNDA:3,(anonymous_18)
FNDA:3,(anonymous_19)
FNDA:3,(anonymous_20)
FNDA:3,(anonymous_21)
FNDA:3,(anonymous_22)
FNDA:3,(anonymous_23)
FNDA:3,(anonymous_24)
DA:2,3
DA:3,3
DA:7,3
DA:8,3
DA:9,3
DA:10,3
DA:11,3
DA:12,3
DA:15,3
DA:18,3
DA:19,3
DA:20,3
DA:21,3
DA:22,3
DA:27,3
DA:28,3
DA:29,3
DA:30,3
DA:31,3
DA:36,3
DA:37,3
DA:43,3
DA:44,3
DA:50,3
DA:51,3
LF:25
LH:25
BRDA:8,0,0,3
BRDA:8,0,1,0
BRDA:8,1,0,0
BRDA:8,1,1,3
BRDA:8,2,0,3
BRDA:8,2,1,3
BRDA:8,3,0,0
BRDA:8,3,1,3
BRDA:8,4,0,3
BRDA:8,4,1,3
BRDA:11,5,0,3
BRDA:11,5,1,0
BRDA:12,6,0,3
BRDA:12,6,1,0
BRDA:19,7,0,3
BRDA:19,7,1,0
BRDA:19,8,0,0
BRDA:19,8,1,3
BRDA:19,9,0,3
BRDA:19,9,1,3
BRDA:19,10,0,0
BRDA:19,10,1,3
BRDA:19,11,0,3
BRDA:19,11,1,3
BRDA:21,12,0,3
BRDA:21,12,1,0
BRDA:28,13,0,3
BRDA:28,13,1,0
BRDA:28,14,0,0
BRDA:28,14,1,3
BRDA:28,15,0,3
BRDA:28,15,1,3
BRDA:28,16,0,0
BRDA:28,16,1,3
BRDA:28,17,0,3
BRDA:28,17,1,3
BRDA:30,18,0,3
BRDA:30,18,1,0
BRF:38
BRH:25
end_of_record
TN:
SF:/Users/harryhorton/playground/packages/packages/core/src/operators/loggable.ts
FN:33,(anonymous_0)
FN:37,(anonymous_1)
FN:38,(anonymous_2)
FN:48,(anonymous_3)
FN:48,(anonymous_4)
FNF:5
FNH:2
FNDA:0,(anonymous_0)
FNDA:0,(anonymous_1)
FNDA:0,(anonymous_2)
FNDA:20,(anonymous_3)
FNDA:20,(anonymous_4)
DA:3,3
DA:33,3
DA:37,0
DA:38,0
DA:41,0
DA:45,0
DA:48,20
DA:49,20
DA:50,20
LF:9
LH:5
BRDA:37,0,0,0
BRDA:42,1,0,0
BRDA:42,1,1,0
BRDA:41,2,0,0
BRDA:41,2,1,0
BRDA:43,3,0,0
BRDA:43,3,1,0
BRDA:49,4,0,0
BRDA:49,4,1,20
BRDA:49,5,0,20
BRDA:49,5,1,20
BRDA:50,6,0,0
BRDA:50,6,1,20
BRF:13
BRH:4
end_of_record
TN:
SF:/Users/harryhorton/playground/packages/packages/core/src/operators/plugin.ts
FN:23,(anonymous_7)
FN:23,(anonymous_8)
FN:26,(anonymous_9)
FN:27,(anonymous_10)
FN:31,(anonymous_11)
FN:32,(anonymous_12)
FN:36,(anonymous_13)
FN:37,(anonymous_14)
FN:41,(anonymous_15)
FN:42,(anonymous_16)
FN:46,(anonymous_17)
FN:47,(anonymous_18)
FN:51,(anonymous_19)
FN:55,(anonymous_20)
FN:55,(anonymous_21)
FN:62,(anonymous_22)
FN:62,(anonymous_23)
FN:62,(anonymous_24)
FNF:18
FNH:18
FNDA:18,(anonymous_7)
FNDA:18,(anonymous_8)
FNDA:7,(anonymous_9)
FNDA:7,(anonymous_10)
FNDA:3,(anonymous_11)
FNDA:3,(anonymous_12)
FNDA:3,(anonymous_13)
FNDA:3,(anonymous_14)
FNDA:3,(anonymous_15)
FNDA:3,(anonymous_16)
FNDA:3,(anonymous_17)
FNDA:3,(anonymous_18)
FNDA:7,(anonymous_19)
FNDA:7,(anonymous_20)
FNDA:7,(anonymous_21)
FNDA:7,(anonymous_22)
FNDA:7,(anonymous_23)
FNDA:7,(anonymous_24)
DA:1,6
DA:3,6
DA:23,18
DA:24,18
DA:26,6
DA:27,7
DA:28,7
DA:31,6
DA:32,3
DA:33,3
DA:36,6
DA:37,3
DA:38,3
DA:41,6
DA:42,3
DA:43,3
DA:46,6
DA:47,3
DA:48,3
DA:51,6
DA:52,7
DA:55,7
DA:56,7
DA:57,3
DA:62,7
DA:65,7
LF:26
LH:26
BRDA:56,0,0,3
BRDA:56,0,1,4
BRF:2
BRH:2
end_of_record
TN:
SF:/Users/harryhorton/playground/packages/packages/core/src/operators/services.ts
FN:30,(anonymous_7)
FN:30,(anonymous_8)
FN:33,(anonymous_9)
FN:34,(anonymous_10)
FN:40,(anonymous_11)
FN:41,(anonymous_12)
FN:45,(anonymous_13)
FN:46,(anonymous_14)
FN:50,(anonymous_15)
FN:51,(anonymous_16)
FN:55,(anonymous_17)
FN:56,(anonymous_18)
FN:59,(anonymous_19)
FN:63,(anonymous_20)
FN:63,(anonymous_21)
FN:70,(anonymous_22)
FN:70,(anonymous_23)
FN:70,(anonymous_24)
FN:79,(anonymous_25)
FN:79,(anonymous_26)
FN:79,(anonymous_27)
FN:88,(anonymous_28)
FN:88,(anonymous_29)
FN:88,(anonymous_30)
FN:97,(anonymous_31)
FN:97,(anonymous_32)
FN:97,(anonymous_33)
FNF:27
FNH:25
FNDA:17,(anonymous_7)
FNDA:17,(anonymous_8)
FNDA:1,(anonymous_9)
FNDA:1,(anonymous_10)
FNDA:0,(anonymous_11)
FNDA:0,(anonymous_12)
FNDA:1,(anonymous_13)
FNDA:1,(anonymous_14)
FNDA:1,(anonymous_15)
FNDA:1,(anonymous_16)
FNDA:1,(anonymous_17)
FNDA:1,(anonymous_18)
FNDA:1,(anonymous_19)
FNDA:1,(anonymous_20)
FNDA:1,(anonymous_21)
FNDA:1,(anonymous_22)
FNDA:1,(anonymous_23)
FNDA:1,(anonymous_24)
FNDA:1,(anonymous_25)
FNDA:1,(anonymous_26)
FNDA:1,(anonymous_27)
FNDA:1,(anonymous_28)
FNDA:1,(anonymous_29)
FNDA:1,(anonymous_30)
FNDA:1,(anonymous_31)
FNDA:1,(anonymous_32)
FNDA:1,(anonymous_33)
DA:2,6
DA:3,6
DA:30,17
DA:31,17
DA:33,6
DA:34,1
DA:35,1
DA:40,6
DA:41,0
DA:42,0
DA:45,6
DA:46,1
DA:47,1
DA:50,6
DA:51,1
DA:52,1
DA:55,6
DA:56,1
DA:57,1
DA:59,6
DA:60,1
DA:63,1
DA:64,1
DA:65,0
DA:70,6
DA:71,1
DA:72,1
DA:73,0
DA:75,1
DA:76,1
DA:79,6
DA:80,1
DA:81,1
DA:82,0
DA:84,1
DA:85,1
DA:88,6
DA:89,1
DA:90,1
DA:91,0
DA:93,1
DA:94,1
DA:97,6
DA:100,1
LF:44
LH:38
BRDA:64,0,0,0
BRDA:64,0,1,1
BRDA:72,1,0,0
BRDA:72,1,1,1
BRDA:75,2,0,0
BRDA:75,2,1,1
BRDA:75,3,0,1
BRDA:75,3,1,1
BRDA:76,4,0,1
BRDA:76,4,1,0
BRDA:81,5,0,0
BRDA:81,5,1,1
BRDA:84,6,0,0
BRDA:84,6,1,1
BRDA:84,7,0,1
BRDA:84,7,1,1
BRDA:85,8,0,1
BRDA:85,8,1,0
BRDA:90,9,0,0
BRDA:90,9,1,1
BRDA:93,10,0,0
BRDA:93,10,1,1
BRDA:93,11,0,1
BRDA:93,11,1,1
BRDA:94,12,0,1
BRDA:94,12,1,0
BRF:26
BRH:16
end_of_record
TN:
SF:/Users/harryhorton/playground/packages/packages/core/src/plugins/fastify.service.ts
FN:19,(anonymous_8)
FN:19,(anonymous_9)
FN:20,(anonymous_10)
FN:23,(anonymous_11)
FN:30,(anonymous_13)
FN:30,(anonymous_14)
FN:30,(anonymous_15)
FN:34,(anonymous_16)
FN:34,(anonymous_17)
FN:34,(anonymous_18)
FN:38,(anonymous_19)
FN:38,(anonymous_20)
FN:45,(anonymous_21)
FNF:13
FNH:13
FNDA:1,(anonymous_8)
FNDA:1,(anonymous_9)
FNDA:1,(anonymous_10)
FNDA:1,(anonymous_11)
FNDA:1,(anonymous_13)
FNDA:1,(anonymous_14)
FNDA:1,(anonymous_15)
FNDA:1,(anonymous_16)
FNDA:1,(anonymous_17)
FNDA:1,(anonymous_18)
FNDA:1,(anonymous_19)
FNDA:1,(anonymous_20)
FNDA:1,(anonymous_21)
DA:2,1
DA:3,1
DA:4,1
DA:5,1
DA:6,1
DA:19,1
DA:20,1
DA:21,1
DA:24,1
DA:30,1
DA:31,1
DA:34,1
DA:35,1
DA:38,1
DA:39,1
DA:40,1
DA:45,1
DA:46,1
LF:18
LH:18
BRDA:20,0,0,0
BRDA:20,0,1,1
BRDA:20,1,0,1
BRDA:20,1,1,1
BRDA:20,2,0,0
BRDA:20,2,1,1
BRDA:20,3,0,1
BRDA:20,3,1,1
BRDA:20,4,0,0
BRDA:20,4,1,1
BRDA:20,5,0,1
BRDA:20,5,1,1
BRF:12
BRH:9
end_of_record
TN:
SF:/Users/harryhorton/playground/packages/packages/core/src/plugins/fastify.ts
FN:28,(anonymous_7)
FN:30,(anonymous_8)
FN:30,(anonymous_9)
FN:32,(anonymous_10)
FN:38,(anonymous_11)
FN:38,(anonymous_12)
FN:53,(anonymous_13)
FNF:7
FNH:4
FNDA:1,(anonymous_7)
FNDA:0,(anonymous_8)
FNDA:0,(anonymous_9)
FNDA:0,(anonymous_10)
FNDA:1,(anonymous_11)
FNDA:1,(anonymous_12)
FNDA:1,(anonymous_13)
DA:3,1
DA:4,1
DA:11,1
DA:12,1
DA:13,1
DA:28,1
DA:30,1
DA:32,0
DA:33,0
DA:35,0
DA:38,1
DA:41,1
DA:42,1
DA:53,1
DA:54,1
LF:15
LH:12
BRF:0
BRH:0
end_of_record
